<?xml version="1.0" encoding="UTF-8"?>
<testsuite name="HangmanTest" tests="2" skipped="0" failures="0" errors="0" timestamp="2017-06-29T17:29:49" hostname="epicodus-3.local" time="0.003">
  <properties/>
  <testcase name="newHangman_wordArrayAccessed_Array" classname="HangmanTest" time="0.002"/>
  <testcase name="newHangman_answerGeneratedRandomly_String" classname="HangmanTest" time="0.001"/>
  <system-out><![CDATA[]]></system-out>
  <system-err><![CDATA[]]></system-err>
</testsuite>
