<?xml version="1.0" encoding="UTF-8"?>
<testsuite name="HangmanTest" tests="6" skipped="0" failures="0" errors="0" timestamp="2017-06-29T21:46:01" hostname="epicodus-3.local" time="0.004">
  <properties/>
  <testcase name="newHangman_wordArrayAccessed_Array" classname="HangmanTest" time="0.002"/>
  <testcase name="newHangman_GameReturnsTrue_Boolean" classname="HangmanTest" time="0.0"/>
  <testcase name="newHangman_answerGeneratedRandomly_String" classname="HangmanTest" time="0.0"/>
  <testcase name="newHangman_UpdateAlreadyGuessedArray_ArrayList" classname="HangmanTest" time="0.0"/>
  <testcase name="newHangman_GameReturnsFalse_Boolean" classname="HangmanTest" time="0.0"/>
  <testcase name="newHangman_RepeatWordsCountAsDouble_int" classname="HangmanTest" time="0.0"/>
  <system-out><![CDATA[]]></system-out>
  <system-err><![CDATA[]]></system-err>
</testsuite>
